<?xml version="1.0" encoding="UTF-8"?>
<!-- Generated by org.testng.reporters.JUnitXMLReporter -->
<testsuite ignored="0" hostname="DESKTOP-U9OHJGK" failures="0" tests="7" name="Default test" time="154.145" errors="0" timestamp="15 Aug 2020 19:40:43 GMT">
  <testcase classname="TestCases.AboutUsTest" name="AboutUsPhoneLink" time="0.207"/>
  <testcase classname="TestCases.AboutUsTest" name="AboutUsEmailLink" time="0.159"/>
  <testcase classname="TestCases.AboutUsTest" name="AboutUsFacebookLink" time="1.425"/>
  <testcase classname="TestCases.AboutUsTest" name="AboutUsTwitterLink" time="5.444"/>
  <testcase classname="TestCases.AboutUsTest" name="AboutUsYoutubeLink" time="5.458"/>
  <testcase classname="TestCases.AboutUsTest" name="AboutUsInstagramLink" time="1.472"/>
  <testcase classname="TestCases.AboutUsTest" name="AboutUsLinkedInLink" time="0.901"/>
</testsuite> <!-- Default test -->
