<?xml version="1.0" encoding="UTF-8"?>
<testng-results ignored="0" total="7" passed="7" failed="0" skipped="0">
  <reporter-output>
  </reporter-output>
  <suite started-at="2020-08-15T19:38:08Z" name="Default suite" finished-at="2020-08-15T19:40:43Z" duration-ms="154145">
    <groups>
    </groups>
    <test started-at="2020-08-15T19:38:08Z" name="Default test" finished-at="2020-08-15T19:40:43Z" duration-ms="154145">
      <class name="TestCases.AboutUsTest">
        <test-method is-config="true" signature="setprop()[pri:0, instance:TestCases.AboutUsTest@56a6d5a6]" started-at="2020-08-15T19:38:09Z" name="setprop" finished-at="2020-08-15T19:38:25Z" duration-ms="16466" status="PASS">
          <reporter-output>
          </reporter-output>
        </test-method> <!-- setprop -->
        <test-method signature="AboutUsPhoneLink()[pri:1, instance:TestCases.AboutUsTest@56a6d5a6]" started-at="2020-08-15T19:38:25Z" name="AboutUsPhoneLink" finished-at="2020-08-15T19:38:25Z" duration-ms="207" status="PASS">
          <reporter-output>
          </reporter-output>
        </test-method> <!-- AboutUsPhoneLink -->
        <test-method is-config="true" signature="close()[pri:0, instance:TestCases.AboutUsTest@56a6d5a6]" started-at="2020-08-15T19:38:25Z" name="close" finished-at="2020-08-15T19:38:28Z" duration-ms="2444" status="PASS">
          <reporter-output>
          </reporter-output>
        </test-method> <!-- close -->
        <test-method is-config="true" signature="setprop()[pri:0, instance:TestCases.AboutUsTest@56a6d5a6]" started-at="2020-08-15T19:38:28Z" name="setprop" finished-at="2020-08-15T19:38:43Z" duration-ms="15081" status="PASS">
          <reporter-output>
          </reporter-output>
        </test-method> <!-- setprop -->
        <test-method signature="AboutUsEmailLink()[pri:2, instance:TestCases.AboutUsTest@56a6d5a6]" started-at="2020-08-15T19:38:43Z" name="AboutUsEmailLink" finished-at="2020-08-15T19:38:43Z" duration-ms="159" status="PASS">
          <reporter-output>
          </reporter-output>
        </test-method> <!-- AboutUsEmailLink -->
        <test-method is-config="true" signature="close()[pri:0, instance:TestCases.AboutUsTest@56a6d5a6]" started-at="2020-08-15T19:38:43Z" name="close" finished-at="2020-08-15T19:38:45Z" duration-ms="2405" status="PASS">
          <reporter-output>
          </reporter-output>
        </test-method> <!-- close -->
        <test-method is-config="true" signature="setprop()[pri:0, instance:TestCases.AboutUsTest@56a6d5a6]" started-at="2020-08-15T19:38:45Z" name="setprop" finished-at="2020-08-15T19:39:01Z" duration-ms="15604" status="PASS">
          <reporter-output>
          </reporter-output>
        </test-method> <!-- setprop -->
        <test-method signature="AboutUsFacebookLink()[pri:3, instance:TestCases.AboutUsTest@56a6d5a6]" started-at="2020-08-15T19:39:01Z" name="AboutUsFacebookLink" finished-at="2020-08-15T19:39:02Z" duration-ms="1425" status="PASS">
          <reporter-output>
          </reporter-output>
        </test-method> <!-- AboutUsFacebookLink -->
        <test-method is-config="true" signature="close()[pri:0, instance:TestCases.AboutUsTest@56a6d5a6]" started-at="2020-08-15T19:39:02Z" name="close" finished-at="2020-08-15T19:39:10Z" duration-ms="7466" status="PASS">
          <reporter-output>
          </reporter-output>
        </test-method> <!-- close -->
        <test-method is-config="true" signature="setprop()[pri:0, instance:TestCases.AboutUsTest@56a6d5a6]" started-at="2020-08-15T19:39:10Z" name="setprop" finished-at="2020-08-15T19:39:25Z" duration-ms="15644" status="PASS">
          <reporter-output>
          </reporter-output>
        </test-method> <!-- setprop -->
        <test-method signature="AboutUsTwitterLink()[pri:4, instance:TestCases.AboutUsTest@56a6d5a6]" started-at="2020-08-15T19:39:25Z" name="AboutUsTwitterLink" finished-at="2020-08-15T19:39:31Z" duration-ms="5444" status="PASS">
          <reporter-output>
          </reporter-output>
        </test-method> <!-- AboutUsTwitterLink -->
        <test-method is-config="true" signature="close()[pri:0, instance:TestCases.AboutUsTest@56a6d5a6]" started-at="2020-08-15T19:39:31Z" name="close" finished-at="2020-08-15T19:39:35Z" duration-ms="4477" status="PASS">
          <reporter-output>
          </reporter-output>
        </test-method> <!-- close -->
        <test-method is-config="true" signature="setprop()[pri:0, instance:TestCases.AboutUsTest@56a6d5a6]" started-at="2020-08-15T19:39:35Z" name="setprop" finished-at="2020-08-15T19:39:50Z" duration-ms="15088" status="PASS">
          <reporter-output>
          </reporter-output>
        </test-method> <!-- setprop -->
        <test-method signature="AboutUsYoutubeLink()[pri:5, instance:TestCases.AboutUsTest@56a6d5a6]" started-at="2020-08-15T19:39:50Z" name="AboutUsYoutubeLink" finished-at="2020-08-15T19:39:56Z" duration-ms="5458" status="PASS">
          <reporter-output>
          </reporter-output>
        </test-method> <!-- AboutUsYoutubeLink -->
        <test-method is-config="true" signature="close()[pri:0, instance:TestCases.AboutUsTest@56a6d5a6]" started-at="2020-08-15T19:39:56Z" name="close" finished-at="2020-08-15T19:40:01Z" duration-ms="4988" status="PASS">
          <reporter-output>
          </reporter-output>
        </test-method> <!-- close -->
        <test-method is-config="true" signature="setprop()[pri:0, instance:TestCases.AboutUsTest@56a6d5a6]" started-at="2020-08-15T19:40:01Z" name="setprop" finished-at="2020-08-15T19:40:16Z" duration-ms="15228" status="PASS">
          <reporter-output>
          </reporter-output>
        </test-method> <!-- setprop -->
        <test-method signature="AboutUsInstagramLink()[pri:6, instance:TestCases.AboutUsTest@56a6d5a6]" started-at="2020-08-15T19:40:16Z" name="AboutUsInstagramLink" finished-at="2020-08-15T19:40:18Z" duration-ms="1472" status="PASS">
          <reporter-output>
          </reporter-output>
        </test-method> <!-- AboutUsInstagramLink -->
        <test-method is-config="true" signature="close()[pri:0, instance:TestCases.AboutUsTest@56a6d5a6]" started-at="2020-08-15T19:40:18Z" name="close" finished-at="2020-08-15T19:40:22Z" duration-ms="4086" status="PASS">
          <reporter-output>
          </reporter-output>
        </test-method> <!-- close -->
        <test-method is-config="true" signature="setprop()[pri:0, instance:TestCases.AboutUsTest@56a6d5a6]" started-at="2020-08-15T19:40:22Z" name="setprop" finished-at="2020-08-15T19:40:37Z" duration-ms="15350" status="PASS">
          <reporter-output>
          </reporter-output>
        </test-method> <!-- setprop -->
        <test-method signature="AboutUsLinkedInLink()[pri:7, instance:TestCases.AboutUsTest@56a6d5a6]" started-at="2020-08-15T19:40:37Z" name="AboutUsLinkedInLink" finished-at="2020-08-15T19:40:38Z" duration-ms="901" status="PASS">
          <reporter-output>
          </reporter-output>
        </test-method> <!-- AboutUsLinkedInLink -->
        <test-method is-config="true" signature="close()[pri:0, instance:TestCases.AboutUsTest@56a6d5a6]" started-at="2020-08-15T19:40:38Z" name="close" finished-at="2020-08-15T19:40:43Z" duration-ms="4628" status="PASS">
          <reporter-output>
          </reporter-output>
        </test-method> <!-- close -->
      </class> <!-- TestCases.AboutUsTest -->
    </test> <!-- Default test -->
  </suite> <!-- Default suite -->
</testng-results>
